d:\workspace\jambot\jambot\debug\jambot.pch
d:\workspace\jambot\jambot\debug\vc120.pdb
d:\workspace\jambot\jambot\debug\vc120.idb
d:\workspace\jambot\jambot\debug\stdafx.obj
d:\workspace\jambot\jambot\debug\fileio.obj
d:\workspace\jambot\jambot\debug\options.obj
d:\workspace\jambot\jambot\debug\options_private.obj
d:\workspace\jambot\jambot\debug\soundfilehelpers.obj
d:\workspace\jambot\jambot\debug\soundfileread.obj
d:\workspace\jambot\jambot\debug\soundfilewrite.obj
d:\workspace\jambot\jambot\debug\soundheader.obj
d:\workspace\jambot\jambot\debug\dmxoutput.obj
d:\workspace\jambot\jambot\debug\inputchannelreader.obj
d:\workspace\jambot\jambot\debug\optialgo.obj
d:\workspace\jambot\jambot\debug\constructs.obj
d:\workspace\jambot\jambot\debug\helpers.obj
d:\workspace\jambot\jambot\debug\jambot.obj
d:\workspace\jambot\jambot\debug\wavmanipulation.obj
d:\workspace\jambot\debug\jambot.ilk
d:\workspace\jambot\debug\jambot.exe
d:\workspace\jambot\debug\jambot.pdb
d:\workspace\jambot\jambot\debug\jambot.res
d:\workspace\jambot\jambot\debug\jambot.tlog\cl.command.1.tlog
d:\workspace\jambot\jambot\debug\jambot.tlog\cl.read.1.tlog
d:\workspace\jambot\jambot\debug\jambot.tlog\cl.write.1.tlog
d:\workspace\jambot\jambot\debug\jambot.tlog\link.command.1.tlog
d:\workspace\jambot\jambot\debug\jambot.tlog\link.read.1.tlog
d:\workspace\jambot\jambot\debug\jambot.tlog\link.write.1.tlog
d:\workspace\jambot\jambot\debug\jambot.tlog\rc.command.1.tlog
d:\workspace\jambot\jambot\debug\jambot.tlog\rc.read.1.tlog
d:\workspace\jambot\jambot\debug\jambot.tlog\rc.write.1.tlog
